[Fri Apr  1 22:24:33.755 2011] [10205] accepting connections
[Fri Apr  1 22:32:39.457 2011] [10205] caught SIGTERM, shutting down
[Fri Apr  1 22:32:39.458 2011] [10205] shutdown complete
[Fri Apr  1 22:35:35.438 2011] [ 2316] accepting connections
[Fri Apr  1 22:43:59.410 2011] [ 2316] caught SIGTERM, shutting down
[Fri Apr  1 22:43:59.411 2011] [ 2316] shutdown complete
[Fri Apr  1 22:44:08.086 2011] [ 3080] accepting connections
[Fri Apr  1 22:52:41.602 2011] [ 3080] caught SIGTERM, shutting down
[Fri Apr  1 22:52:41.605 2011] [ 3080] shutdown complete
[Fri Apr  1 23:29:52.692 2011] [ 2550] accepting connections
[Fri Apr  1 23:42:04.244 2011] [ 2550] rotating indices (seamless=1)
[Fri Apr  1 23:42:04.244 2011] [ 2550] rotating finished
[Fri Apr  1 23:42:09.369 2011] [ 2550] caught SIGTERM, shutting down
[Fri Apr  1 23:42:09.372 2011] [ 2550] shutdown complete
[Fri Apr  1 23:55:01.073 2011] [ 3105] accepting connections
[Sat Apr  2 00:12:01.885 2011] [ 3105] caught SIGTERM, shutting down
[Sat Apr  2 00:12:01.888 2011] [ 3105] shutdown complete
[Sat Apr  2 02:14:21.305 2011] [ 8315] accepting connections
[Sat Apr  2 02:19:41.258 2011] [ 8315] caught SIGTERM, shutting down
[Sat Apr  2 02:19:41.260 2011] [ 8315] shutdown complete
[Sat Apr  2 02:32:59.347 2011] [ 8967] accepting connections
[Sat Apr  2 02:35:37.371 2011] [ 8967] caught SIGTERM, shutting down
[Sat Apr  2 02:35:37.375 2011] [ 8967] shutdown complete
[Sat Apr  2 02:36:03.443 2011] [ 9137] accepting connections
[Sat Apr  2 02:42:27.519 2011] [ 9137] caught SIGTERM, shutting down
[Sat Apr  2 02:42:27.522 2011] [ 9137] shutdown complete
[Sat Apr  2 02:45:41.441 2011] [ 9517] accepting connections
[Sat Apr  2 02:58:45.668 2011] [ 9517] caught SIGTERM, shutting down
[Sat Apr  2 02:58:45.670 2011] [ 9517] shutdown complete
[Sat Apr  2 02:58:51.240 2011] [10049] accepting connections
[Sat Apr  2 03:00:31.318 2011] [10049] caught SIGTERM, shutting down
[Sat Apr  2 03:00:31.322 2011] [10049] shutdown complete
[Sat Apr  2 03:00:32.719 2011] [10127] accepting connections
[Sat Apr  2 03:07:18.378 2011] [10127] caught SIGTERM, shutting down
[Sat Apr  2 03:07:18.382 2011] [10127] shutdown complete
[Sat Apr  2 03:24:32.660 2011] [10811] accepting connections
[Sat Apr  2 03:43:45.548 2011] [10811] caught SIGTERM, shutting down
[Sat Apr  2 03:43:45.552 2011] [10811] shutdown complete
[Sat Apr  2 09:33:47.689 2011] [ 4200] accepting connections
[Sat Apr  2 09:38:30.652 2011] [ 4200] caught SIGTERM, shutting down
[Sat Apr  2 09:38:30.655 2011] [ 4200] shutdown complete
[Wed Apr 13 01:16:15.980 2011] [12751] accepting connections
[Wed Apr 13 01:23:32.585 2011] [12751] caught SIGTERM, shutting down
[Wed Apr 13 01:23:32.586 2011] [12751] shutdown complete
[Wed Apr 13 01:23:44.630 2011] [13053] accepting connections
