qtp32708178-11 2011-04-19 00:28:42,232 ERROR Error while reading value of property sid in object eo.frontend.yalets.IndexYalet$Test@cc7439 IN net.sf.xfresh.core.DefaultSaxHandler
java.lang.IllegalAccessException: Class net.sf.xfresh.core.DefaultSaxHandler can not access a member of class eo.frontend.yalets.IndexYalet$Test with modifiers "public"
	at sun.reflect.Reflection.ensureMemberAccess(Reflection.java:95)
	at java.lang.reflect.Method.invoke(Method.java:607)
	at net.sf.xfresh.core.DefaultSaxHandler.extractProperties(DefaultSaxHandler.java:179)
	at net.sf.xfresh.core.DefaultSaxHandler.writeItem(DefaultSaxHandler.java:124)
	at net.sf.xfresh.core.DefaultSaxHandler.writeAny(DefaultSaxHandler.java:75)
	at net.sf.xfresh.core.DefaultSaxGenerator.writeXml(DefaultSaxGenerator.java:53)
	at net.sf.xfresh.core.DefaultSingleYaletProcessor.processYalet(DefaultSingleYaletProcessor.java:49)
	at net.sf.xfresh.core.YaletFilter.processYalet(YaletFilter.java:105)
	at net.sf.xfresh.core.YaletFilter.endElement(YaletFilter.java:97)
	at org.apache.xerces.parsers.AbstractSAXParser.endElement(Unknown Source)
	at org.apache.xerces.parsers.AbstractXMLDocumentParser.emptyElement(Unknown Source)
	at org.apache.xerces.xinclude.XIncludeHandler.emptyElement(Unknown Source)
	at org.apache.xerces.impl.XMLNSDocumentScannerImpl.scanStartElement(Unknown Source)
	at org.apache.xerces.impl.XMLDocumentFragmentScannerImpl$FragmentContentDispatcher.dispatch(Unknown Source)
	at org.apache.xerces.impl.XMLDocumentFragmentScannerImpl.scanDocument(Unknown Source)
	at org.apache.xerces.parsers.XML11Configuration.parse(Unknown Source)
	at org.apache.xerces.parsers.XML11Configuration.parse(Unknown Source)
	at org.apache.xerces.parsers.XMLParser.parse(Unknown Source)
	at org.apache.xerces.parsers.AbstractSAXParser.parse(Unknown Source)
	at org.apache.xerces.jaxp.SAXParserImpl$JAXPSAXParser.parse(Unknown Source)
	at org.xml.sax.helpers.XMLFilterImpl.parse(XMLFilterImpl.java:357)
	at net.sf.xfresh.core.YaletProcessor.process(YaletProcessor.java:107)
	at net.sf.xfresh.core.YaletProcessor.process(YaletProcessor.java:77)
	at eo.frontend.server.Starter$YaletHtmlPageHandler.handle(Starter.java:88)
	at org.eclipse.jetty.server.session.SessionHandler.doHandle(SessionHandler.java:226)
	at org.eclipse.jetty.server.session.SessionHandler.doScope(SessionHandler.java:188)
	at org.eclipse.jetty.server.handler.ScopedHandler.handle(ScopedHandler.java:117)
	at org.eclipse.jetty.server.handler.HandlerCollection.handle(HandlerCollection.java:151)
	at org.eclipse.jetty.server.handler.HandlerWrapper.handle(HandlerWrapper.java:116)
	at org.eclipse.jetty.server.Server.handle(Server.java:346)
	at org.eclipse.jetty.server.HttpConnection.handleRequest(HttpConnection.java:581)
	at org.eclipse.jetty.server.HttpConnection$RequestHandler.headerComplete(HttpConnection.java:1040)
	at org.eclipse.jetty.http.HttpParser.parseNext(HttpParser.java:592)
	at org.eclipse.jetty.http.HttpParser.parseAvailable(HttpParser.java:214)
	at org.eclipse.jetty.server.HttpConnection.handle(HttpConnection.java:411)
	at org.eclipse.jetty.io.nio.SelectChannelEndPoint.handle(SelectChannelEndPoint.java:526)
	at org.eclipse.jetty.io.nio.SelectChannelEndPoint$1.run(SelectChannelEndPoint.java:41)
	at org.eclipse.jetty.util.thread.QueuedThreadPool$3.run(QueuedThreadPool.java:528)
	at java.lang.Thread.run(Thread.java:636)
qtp32708178-12 2011-04-19 00:28:47,097 ERROR Error while reading value of property sid in object eo.frontend.yalets.IndexYalet$Test@15d601f IN net.sf.xfresh.core.DefaultSaxHandler
java.lang.IllegalAccessException: Class net.sf.xfresh.core.DefaultSaxHandler can not access a member of class eo.frontend.yalets.IndexYalet$Test with modifiers "public"
	at sun.reflect.Reflection.ensureMemberAccess(Reflection.java:95)
	at java.lang.reflect.Method.invoke(Method.java:607)
	at net.sf.xfresh.core.DefaultSaxHandler.extractProperties(DefaultSaxHandler.java:179)
	at net.sf.xfresh.core.DefaultSaxHandler.writeItem(DefaultSaxHandler.java:124)
	at net.sf.xfresh.core.DefaultSaxHandler.writeAny(DefaultSaxHandler.java:75)
	at net.sf.xfresh.core.DefaultSaxGenerator.writeXml(DefaultSaxGenerator.java:53)
	at net.sf.xfresh.core.DefaultSingleYaletProcessor.processYalet(DefaultSingleYaletProcessor.java:49)
	at net.sf.xfresh.core.YaletFilter.processYalet(YaletFilter.java:105)
	at net.sf.xfresh.core.YaletFilter.endElement(YaletFilter.java:97)
	at org.apache.xerces.parsers.AbstractSAXParser.endElement(Unknown Source)
	at org.apache.xerces.parsers.AbstractXMLDocumentParser.emptyElement(Unknown Source)
	at org.apache.xerces.xinclude.XIncludeHandler.emptyElement(Unknown Source)
	at org.apache.xerces.impl.XMLNSDocumentScannerImpl.scanStartElement(Unknown Source)
	at org.apache.xerces.impl.XMLDocumentFragmentScannerImpl$FragmentContentDispatcher.dispatch(Unknown Source)
	at org.apache.xerces.impl.XMLDocumentFragmentScannerImpl.scanDocument(Unknown Source)
	at org.apache.xerces.parsers.XML11Configuration.parse(Unknown Source)
	at org.apache.xerces.parsers.XML11Configuration.parse(Unknown Source)
	at org.apache.xerces.parsers.XMLParser.parse(Unknown Source)
	at org.apache.xerces.parsers.AbstractSAXParser.parse(Unknown Source)
	at org.apache.xerces.jaxp.SAXParserImpl$JAXPSAXParser.parse(Unknown Source)
	at org.xml.sax.helpers.XMLFilterImpl.parse(XMLFilterImpl.java:357)
	at net.sf.xfresh.core.YaletProcessor.process(YaletProcessor.java:107)
	at net.sf.xfresh.core.YaletProcessor.process(YaletProcessor.java:77)
	at eo.frontend.server.Starter$YaletHtmlPageHandler.handle(Starter.java:88)
	at org.eclipse.jetty.server.session.SessionHandler.doHandle(SessionHandler.java:226)
	at org.eclipse.jetty.server.session.SessionHandler.doScope(SessionHandler.java:188)
	at org.eclipse.jetty.server.handler.ScopedHandler.handle(ScopedHandler.java:117)
	at org.eclipse.jetty.server.handler.HandlerCollection.handle(HandlerCollection.java:151)
	at org.eclipse.jetty.server.handler.HandlerWrapper.handle(HandlerWrapper.java:116)
	at org.eclipse.jetty.server.Server.handle(Server.java:346)
	at org.eclipse.jetty.server.HttpConnection.handleRequest(HttpConnection.java:581)
	at org.eclipse.jetty.server.HttpConnection$RequestHandler.headerComplete(HttpConnection.java:1040)
	at org.eclipse.jetty.http.HttpParser.parseNext(HttpParser.java:592)
	at org.eclipse.jetty.http.HttpParser.parseAvailable(HttpParser.java:214)
	at org.eclipse.jetty.server.HttpConnection.handle(HttpConnection.java:411)
	at org.eclipse.jetty.io.nio.SelectChannelEndPoint.handle(SelectChannelEndPoint.java:526)
	at org.eclipse.jetty.io.nio.SelectChannelEndPoint$1.run(SelectChannelEndPoint.java:41)
	at org.eclipse.jetty.util.thread.QueuedThreadPool$3.run(QueuedThreadPool.java:528)
	at java.lang.Thread.run(Thread.java:636)
qtp32708178-16 2011-04-19 00:30:01,023 ERROR Error while reading value of property sid in object eo.frontend.yalets.IndexYalet$Test@2431b9 IN net.sf.xfresh.core.DefaultSaxHandler
java.lang.IllegalAccessException: Class net.sf.xfresh.core.DefaultSaxHandler can not access a member of class eo.frontend.yalets.IndexYalet$Test with modifiers "public"
	at sun.reflect.Reflection.ensureMemberAccess(Reflection.java:95)
	at java.lang.reflect.Method.invoke(Method.java:607)
	at net.sf.xfresh.core.DefaultSaxHandler.extractProperties(DefaultSaxHandler.java:179)
	at net.sf.xfresh.core.DefaultSaxHandler.writeItem(DefaultSaxHandler.java:124)
	at net.sf.xfresh.core.DefaultSaxHandler.writeAny(DefaultSaxHandler.java:75)
	at net.sf.xfresh.core.DefaultSaxGenerator.writeXml(DefaultSaxGenerator.java:53)
	at net.sf.xfresh.core.DefaultSingleYaletProcessor.processYalet(DefaultSingleYaletProcessor.java:49)
	at net.sf.xfresh.core.YaletFilter.processYalet(YaletFilter.java:105)
	at net.sf.xfresh.core.YaletFilter.endElement(YaletFilter.java:97)
	at org.apache.xerces.parsers.AbstractSAXParser.endElement(Unknown Source)
	at org.apache.xerces.parsers.AbstractXMLDocumentParser.emptyElement(Unknown Source)
	at org.apache.xerces.xinclude.XIncludeHandler.emptyElement(Unknown Source)
	at org.apache.xerces.impl.XMLNSDocumentScannerImpl.scanStartElement(Unknown Source)
	at org.apache.xerces.impl.XMLDocumentFragmentScannerImpl$FragmentContentDispatcher.dispatch(Unknown Source)
	at org.apache.xerces.impl.XMLDocumentFragmentScannerImpl.scanDocument(Unknown Source)
	at org.apache.xerces.parsers.XML11Configuration.parse(Unknown Source)
	at org.apache.xerces.parsers.XML11Configuration.parse(Unknown Source)
	at org.apache.xerces.parsers.XMLParser.parse(Unknown Source)
	at org.apache.xerces.parsers.AbstractSAXParser.parse(Unknown Source)
	at org.apache.xerces.jaxp.SAXParserImpl$JAXPSAXParser.parse(Unknown Source)
	at org.xml.sax.helpers.XMLFilterImpl.parse(XMLFilterImpl.java:357)
	at net.sf.xfresh.core.YaletProcessor.process(YaletProcessor.java:107)
	at net.sf.xfresh.core.YaletProcessor.process(YaletProcessor.java:77)
	at eo.frontend.server.Starter$YaletHtmlPageHandler.handle(Starter.java:88)
	at org.eclipse.jetty.server.session.SessionHandler.doHandle(SessionHandler.java:226)
	at org.eclipse.jetty.server.session.SessionHandler.doScope(SessionHandler.java:188)
	at org.eclipse.jetty.server.handler.ScopedHandler.handle(ScopedHandler.java:117)
	at org.eclipse.jetty.server.handler.HandlerCollection.handle(HandlerCollection.java:151)
	at org.eclipse.jetty.server.handler.HandlerWrapper.handle(HandlerWrapper.java:116)
	at org.eclipse.jetty.server.Server.handle(Server.java:346)
	at org.eclipse.jetty.server.HttpConnection.handleRequest(HttpConnection.java:581)
	at org.eclipse.jetty.server.HttpConnection$RequestHandler.headerComplete(HttpConnection.java:1040)
	at org.eclipse.jetty.http.HttpParser.parseNext(HttpParser.java:592)
	at org.eclipse.jetty.http.HttpParser.parseAvailable(HttpParser.java:214)
	at org.eclipse.jetty.server.HttpConnection.handle(HttpConnection.java:411)
	at org.eclipse.jetty.io.nio.SelectChannelEndPoint.handle(SelectChannelEndPoint.java:526)
	at org.eclipse.jetty.io.nio.SelectChannelEndPoint$1.run(SelectChannelEndPoint.java:41)
	at org.eclipse.jetty.util.thread.QueuedThreadPool$3.run(QueuedThreadPool.java:528)
	at java.lang.Thread.run(Thread.java:636)
qtp25615779-13 2011-04-19 00:47:18,103 ERROR Server returned HTTP response code: 500 for URL: http://127.0.0.1:8080/index.xml IN net.sf.xfresh.core.YaletProcessor
java.io.IOException: Server returned HTTP response code: 500 for URL: http://127.0.0.1:8080/index.xml
	at sun.net.www.protocol.http.HttpURLConnection.getInputStream(HttpURLConnection.java:1403)
	at org.apache.xerces.impl.XMLEntityManager.setupCurrentEntity(Unknown Source)
	at org.apache.xerces.impl.XMLVersionDetector.determineDocVersion(Unknown Source)
	at org.apache.xerces.parsers.XML11Configuration.parse(Unknown Source)
	at org.apache.xerces.parsers.XML11Configuration.parse(Unknown Source)
	at org.apache.xerces.parsers.XMLParser.parse(Unknown Source)
	at org.apache.xerces.parsers.AbstractSAXParser.parse(Unknown Source)
	at org.apache.xerces.jaxp.SAXParserImpl$JAXPSAXParser.parse(Unknown Source)
	at org.xml.sax.helpers.XMLFilterImpl.parse(XMLFilterImpl.java:357)
	at net.sf.xfresh.core.YaletProcessor.process(YaletProcessor.java:107)
	at net.sf.xfresh.core.YaletProcessor.process(YaletProcessor.java:77)
	at eo.frontend.server.Starter$YaletHtmlPageHandler.handle(Starter.java:88)
	at org.eclipse.jetty.server.session.SessionHandler.doHandle(SessionHandler.java:226)
	at org.eclipse.jetty.server.session.SessionHandler.doScope(SessionHandler.java:188)
	at org.eclipse.jetty.server.handler.ScopedHandler.handle(ScopedHandler.java:117)
	at org.eclipse.jetty.server.handler.HandlerCollection.handle(HandlerCollection.java:151)
	at org.eclipse.jetty.server.handler.HandlerWrapper.handle(HandlerWrapper.java:116)
	at org.eclipse.jetty.server.Server.handle(Server.java:346)
	at org.eclipse.jetty.server.HttpConnection.handleRequest(HttpConnection.java:581)
	at org.eclipse.jetty.server.HttpConnection$RequestHandler.headerComplete(HttpConnection.java:1040)
	at org.eclipse.jetty.http.HttpParser.parseNext(HttpParser.java:592)
	at org.eclipse.jetty.http.HttpParser.parseAvailable(HttpParser.java:214)
	at org.eclipse.jetty.server.HttpConnection.handle(HttpConnection.java:411)
	at org.eclipse.jetty.io.nio.SelectChannelEndPoint.handle(SelectChannelEndPoint.java:526)
	at org.eclipse.jetty.io.nio.SelectChannelEndPoint$1.run(SelectChannelEndPoint.java:41)
	at org.eclipse.jetty.util.thread.QueuedThreadPool$3.run(QueuedThreadPool.java:528)
	at java.lang.Thread.run(Thread.java:636)
