main 2011-04-14 03:43:32,043 WARN Working on ilovepetersburg-ru-culture.cfg.xml IN eo.miner.Main
main 2011-04-14 03:43:33,068 WARN HTTP error occured. Retries left 5 IN eo.miner.Main
main 2011-04-14 03:43:33,489 WARN Working on ilovepetersburg-ru-monuments.cfg.xml IN eo.miner.Main
main 2011-04-14 03:43:34,010 WARN HTTP error occured. Retries left 5 IN eo.miner.Main
main 2011-04-14 03:43:34,041 WARN Working on imhotour-ru.cfg.xml IN eo.miner.Main
main 2011-04-14 03:43:34,565 WARN HTTP error occured. Retries left 5 IN eo.miner.Main
main 2011-04-14 03:43:35,075 WARN HTTP error occured. Retries left 4 IN eo.miner.Main
main 2011-04-14 03:43:35,588 WARN HTTP error occured. Retries left 3 IN eo.miner.Main
main 2011-04-14 03:43:36,098 WARN HTTP error occured. Retries left 2 IN eo.miner.Main
main 2011-04-14 03:43:36,608 WARN HTTP error occured. Retries left 1 IN eo.miner.Main
main 2011-04-14 03:43:36,608 WARN Not handling imhotour-ru.cfg.xml. Retry count exceeded. IN eo.miner.Main
main 2011-04-14 03:46:35,351 WARN Working on ilovepetersburg-ru-culture.cfg.xml IN eo.miner.Main
main 2011-04-14 03:46:36,353 WARN Working on ilovepetersburg-ru-monuments.cfg.xml IN eo.miner.Main
main 2011-04-14 03:46:36,438 WARN Working on imhotour-ru.cfg.xml IN eo.miner.Main
main 2011-04-14 03:47:07,507 WARN HTTP error occured. Retries left 5 IN eo.miner.Main
main 2011-04-14 03:47:08,015 WARN HTTP error occured. Retries left 4 IN eo.miner.Main
main 2011-04-14 03:47:08,528 WARN HTTP error occured. Retries left 3 IN eo.miner.Main
main 2011-04-14 03:47:09,037 WARN HTTP error occured. Retries left 2 IN eo.miner.Main
main 2011-04-14 03:47:09,545 WARN HTTP error occured. Retries left 1 IN eo.miner.Main
main 2011-04-14 03:47:09,545 WARN Not handling imhotour-ru.cfg.xml. Retry count exceeded. IN eo.miner.Main
main 2011-04-14 03:48:48,729 WARN Working on ilovepetersburg-ru-culture.cfg.xml IN eo.miner.Main
main 2011-04-14 03:48:49,778 WARN HTTP error occured. Retries left 5 IN eo.miner.Main
main 2011-04-14 03:48:50,205 WARN Working on ilovepetersburg-ru-monuments.cfg.xml IN eo.miner.Main
main 2011-04-14 03:48:50,732 WARN HTTP error occured. Retries left 5 IN eo.miner.Main
main 2011-04-14 03:48:50,767 WARN Working on imhotour-ru.cfg.xml IN eo.miner.Main
main 2011-04-14 03:48:51,293 WARN HTTP error occured. Retries left 5 IN eo.miner.Main
main 2011-04-14 03:48:51,804 WARN HTTP error occured. Retries left 4 IN eo.miner.Main
main 2011-04-14 03:48:52,314 WARN HTTP error occured. Retries left 3 IN eo.miner.Main
main 2011-04-14 03:48:52,828 WARN HTTP error occured. Retries left 2 IN eo.miner.Main
main 2011-04-14 03:48:53,338 WARN HTTP error occured. Retries left 1 IN eo.miner.Main
main 2011-04-14 03:48:53,338 WARN Not handling imhotour-ru.cfg.xml. Retry count exceeded. IN eo.miner.Main
main 2011-04-14 03:49:42,394 WARN Working on ilovepetersburg-ru-culture.cfg.xml IN eo.miner.Main
main 2011-04-14 03:49:43,437 WARN HTTP error occured. Retries left 5 IN eo.miner.Main
main 2011-04-14 03:49:43,990 WARN Working on ilovepetersburg-ru-monuments.cfg.xml IN eo.miner.Main
main 2011-04-14 03:49:44,518 WARN HTTP error occured. Retries left 5 IN eo.miner.Main
main 2011-04-14 03:49:44,560 WARN Working on imhotour-ru.cfg.xml IN eo.miner.Main
main 2011-04-14 03:50:38,501 WARN HTTP error occured. Retries left 5 IN eo.miner.Main
main 2011-04-14 03:50:39,010 WARN HTTP error occured. Retries left 4 IN eo.miner.Main
main 2011-04-14 03:50:39,518 WARN HTTP error occured. Retries left 3 IN eo.miner.Main
main 2011-04-14 03:50:40,026 WARN HTTP error occured. Retries left 2 IN eo.miner.Main
main 2011-04-14 03:50:40,534 WARN HTTP error occured. Retries left 1 IN eo.miner.Main
main 2011-04-14 03:50:40,534 WARN Not handling imhotour-ru.cfg.xml. Retry count exceeded. IN eo.miner.Main
main 2011-04-14 03:51:16,753 WARN Working on ilovepetersburg-ru-culture.cfg.xml IN eo.miner.Main
main 2011-04-14 03:54:09,958 WARN Working on ilovepetersburg-ru-culture.cfg.xml IN eo.miner.Main
main 2011-04-14 03:55:34,474 WARN HTTP error occured. Retries left 5 IN eo.miner.Main
main 2011-04-14 03:55:34,489 WARN HTTP error occured. Retries left 4 IN eo.miner.Main
main 2011-04-14 03:55:34,503 WARN HTTP error occured. Retries left 3 IN eo.miner.Main
main 2011-04-14 03:55:34,518 WARN HTTP error occured. Retries left 2 IN eo.miner.Main
main 2011-04-14 03:55:34,536 WARN HTTP error occured. Retries left 1 IN eo.miner.Main
main 2011-04-14 03:55:34,536 WARN Not handling ilovepetersburg-ru-culture.cfg.xml. Retry count exceeded. IN eo.miner.Main
main 2011-04-14 03:55:34,536 WARN Working on ilovepetersburg-ru-monuments.cfg.xml IN eo.miner.Main
main 2011-04-14 03:56:58,579 WARN HTTP error occured. Retries left 5 IN eo.miner.Main
main 2011-04-14 03:56:58,594 WARN HTTP error occured. Retries left 4 IN eo.miner.Main
main 2011-04-14 03:56:58,608 WARN HTTP error occured. Retries left 3 IN eo.miner.Main
main 2011-04-14 03:56:58,634 WARN HTTP error occured. Retries left 2 IN eo.miner.Main
main 2011-04-14 03:56:58,653 WARN HTTP error occured. Retries left 1 IN eo.miner.Main
main 2011-04-14 03:56:58,653 WARN Not handling ilovepetersburg-ru-monuments.cfg.xml. Retry count exceeded. IN eo.miner.Main
main 2011-04-14 03:56:58,653 WARN Working on imhotour-ru.cfg.xml IN eo.miner.Main
main 2011-04-14 03:58:22,675 WARN HTTP error occured. Retries left 5 IN eo.miner.Main
main 2011-04-14 03:59:46,683 WARN HTTP error occured. Retries left 4 IN eo.miner.Main
main 2011-04-14 04:01:10,767 WARN HTTP error occured. Retries left 3 IN eo.miner.Main
main 2011-04-14 04:03:54,328 WARN Working on ilovepetersburg-ru-culture.cfg.xml IN eo.miner.Main
main 2011-04-14 04:03:55,367 WARN HTTP error occured. Retries left 5 IN eo.miner.Main
main 2011-04-14 04:03:55,390 WARN HTTP error occured. Retries left 4 IN eo.miner.Main
main 2011-04-14 04:03:55,410 WARN HTTP error occured. Retries left 3 IN eo.miner.Main
main 2011-04-14 04:03:55,428 WARN HTTP error occured. Retries left 2 IN eo.miner.Main
main 2011-04-14 04:03:55,450 WARN HTTP error occured. Retries left 1 IN eo.miner.Main
main 2011-04-14 04:03:55,450 WARN Not handling ilovepetersburg-ru-culture.cfg.xml. Retry count exceeded. IN eo.miner.Main
main 2011-04-14 04:03:55,451 WARN Working on ilovepetersburg-ru-monuments.cfg.xml IN eo.miner.Main
main 2011-04-14 04:03:55,984 WARN HTTP error occured. Retries left 5 IN eo.miner.Main
main 2011-04-14 04:03:56,004 WARN HTTP error occured. Retries left 4 IN eo.miner.Main
main 2011-04-14 04:03:56,022 WARN HTTP error occured. Retries left 3 IN eo.miner.Main
main 2011-04-14 04:03:56,062 WARN HTTP error occured. Retries left 2 IN eo.miner.Main
main 2011-04-14 04:03:56,080 WARN HTTP error occured. Retries left 1 IN eo.miner.Main
main 2011-04-14 04:03:56,080 WARN Not handling ilovepetersburg-ru-monuments.cfg.xml. Retry count exceeded. IN eo.miner.Main
main 2011-04-14 04:03:56,081 WARN Working on imhotour-ru.cfg.xml IN eo.miner.Main
main 2011-04-14 04:03:56,638 WARN HTTP error occured. Retries left 5 IN eo.miner.Main
main 2011-04-14 04:03:57,150 WARN HTTP error occured. Retries left 4 IN eo.miner.Main
main 2011-04-14 04:03:57,660 WARN HTTP error occured. Retries left 3 IN eo.miner.Main
main 2011-04-14 04:03:58,169 WARN HTTP error occured. Retries left 2 IN eo.miner.Main
main 2011-04-14 04:03:58,680 WARN HTTP error occured. Retries left 1 IN eo.miner.Main
main 2011-04-14 04:03:58,680 WARN Not handling imhotour-ru.cfg.xml. Retry count exceeded. IN eo.miner.Main
main 2011-04-14 04:10:57,260 WARN Working on ilovepetersburg-ru-culture.cfg.xml IN eo.miner.Main
main 2011-04-14 04:11:02,807 WARN HTTP error occured. Retries left 5 IN eo.miner.Main
main 2011-04-14 04:11:03,234 WARN Working on ilovepetersburg-ru-monuments.cfg.xml IN eo.miner.Main
main 2011-04-14 04:11:08,259 WARN HTTP error occured. Retries left 5 IN eo.miner.Main
main 2011-04-14 04:11:08,291 WARN Working on imhotour-ru.cfg.xml IN eo.miner.Main
main 2011-04-14 04:11:13,315 WARN HTTP error occured. Retries left 5 IN eo.miner.Main
main 2011-04-14 04:11:18,330 WARN HTTP error occured. Retries left 4 IN eo.miner.Main
main 2011-04-14 04:11:23,344 WARN HTTP error occured. Retries left 3 IN eo.miner.Main
main 2011-04-14 04:11:28,364 WARN HTTP error occured. Retries left 2 IN eo.miner.Main
main 2011-04-14 04:11:33,379 WARN HTTP error occured. Retries left 1 IN eo.miner.Main
main 2011-04-14 04:11:33,379 WARN Not handling imhotour-ru.cfg.xml. Retry count exceeded. IN eo.miner.Main
main 2011-04-14 04:11:43,357 WARN Working on ilovepetersburg-ru-culture.cfg.xml IN eo.miner.Main
main 2011-04-14 04:11:48,889 WARN HTTP error occured. Retries left 5 IN eo.miner.Main
main 2011-04-14 04:11:49,314 WARN Working on ilovepetersburg-ru-monuments.cfg.xml IN eo.miner.Main
main 2011-04-14 04:11:54,340 WARN HTTP error occured. Retries left 5 IN eo.miner.Main
main 2011-04-14 04:11:54,371 WARN Working on imhotour-ru.cfg.xml IN eo.miner.Main
main 2011-04-14 04:11:59,398 WARN HTTP error occured. Retries left 5 IN eo.miner.Main
main 2011-04-14 04:12:04,413 WARN HTTP error occured. Retries left 4 IN eo.miner.Main
main 2011-04-14 04:12:09,428 WARN HTTP error occured. Retries left 3 IN eo.miner.Main
main 2011-04-14 04:12:14,446 WARN HTTP error occured. Retries left 2 IN eo.miner.Main
main 2011-04-14 04:12:19,460 WARN HTTP error occured. Retries left 1 IN eo.miner.Main
main 2011-04-14 04:12:19,460 WARN Not handling imhotour-ru.cfg.xml. Retry count exceeded. IN eo.miner.Main
main 2011-04-14 04:13:48,069 WARN Working on ilovepetersburg-ru-culture.cfg.xml IN eo.miner.Main
main 2011-04-14 04:13:49,617 WARN Going to buffer response body of large or unknown size. Using getResponseBodyAsStream instead is recommended. IN org.apache.commons.httpclient.HttpMethodBase
main 2011-04-14 04:13:51,139 WARN Going to buffer response body of large or unknown size. Using getResponseBodyAsStream instead is recommended. IN org.apache.commons.httpclient.HttpMethodBase
main 2011-04-14 04:13:51,650 WARN Going to buffer response body of large or unknown size. Using getResponseBodyAsStream instead is recommended. IN org.apache.commons.httpclient.HttpMethodBase
main 2011-04-14 04:13:52,164 WARN Going to buffer response body of large or unknown size. Using getResponseBodyAsStream instead is recommended. IN org.apache.commons.httpclient.HttpMethodBase
main 2011-04-14 04:13:52,782 WARN Going to buffer response body of large or unknown size. Using getResponseBodyAsStream instead is recommended. IN org.apache.commons.httpclient.HttpMethodBase
main 2011-04-14 04:13:53,486 WARN Going to buffer response body of large or unknown size. Using getResponseBodyAsStream instead is recommended. IN org.apache.commons.httpclient.HttpMethodBase
main 2011-04-14 04:13:55,029 WARN Going to buffer response body of large or unknown size. Using getResponseBodyAsStream instead is recommended. IN org.apache.commons.httpclient.HttpMethodBase
main 2011-04-14 04:13:55,439 WARN Going to buffer response body of large or unknown size. Using getResponseBodyAsStream instead is recommended. IN org.apache.commons.httpclient.HttpMethodBase
main 2011-04-14 04:13:55,851 WARN Going to buffer response body of large or unknown size. Using getResponseBodyAsStream instead is recommended. IN org.apache.commons.httpclient.HttpMethodBase
main 2011-04-14 04:13:56,258 WARN Going to buffer response body of large or unknown size. Using getResponseBodyAsStream instead is recommended. IN org.apache.commons.httpclient.HttpMethodBase
main 2011-04-14 04:13:56,773 WARN Going to buffer response body of large or unknown size. Using getResponseBodyAsStream instead is recommended. IN org.apache.commons.httpclient.HttpMethodBase
main 2011-04-14 04:13:57,281 WARN Going to buffer response body of large or unknown size. Using getResponseBodyAsStream instead is recommended. IN org.apache.commons.httpclient.HttpMethodBase
main 2011-04-14 04:13:57,796 WARN Going to buffer response body of large or unknown size. Using getResponseBodyAsStream instead is recommended. IN org.apache.commons.httpclient.HttpMethodBase
main 2011-04-14 04:13:58,203 WARN Going to buffer response body of large or unknown size. Using getResponseBodyAsStream instead is recommended. IN org.apache.commons.httpclient.HttpMethodBase
main 2011-04-14 04:13:58,616 WARN Going to buffer response body of large or unknown size. Using getResponseBodyAsStream instead is recommended. IN org.apache.commons.httpclient.HttpMethodBase
main 2011-04-14 04:13:59,022 WARN Going to buffer response body of large or unknown size. Using getResponseBodyAsStream instead is recommended. IN org.apache.commons.httpclient.HttpMethodBase
main 2011-04-14 04:13:59,432 WARN Going to buffer response body of large or unknown size. Using getResponseBodyAsStream instead is recommended. IN org.apache.commons.httpclient.HttpMethodBase
main 2011-04-14 04:13:59,844 WARN Going to buffer response body of large or unknown size. Using getResponseBodyAsStream instead is recommended. IN org.apache.commons.httpclient.HttpMethodBase
main 2011-04-14 04:14:00,251 WARN Going to buffer response body of large or unknown size. Using getResponseBodyAsStream instead is recommended. IN org.apache.commons.httpclient.HttpMethodBase
main 2011-04-14 04:14:00,661 WARN Going to buffer response body of large or unknown size. Using getResponseBodyAsStream instead is recommended. IN org.apache.commons.httpclient.HttpMethodBase
main 2011-04-14 04:14:00,968 WARN Going to buffer response body of large or unknown size. Using getResponseBodyAsStream instead is recommended. IN org.apache.commons.httpclient.HttpMethodBase
main 2011-04-14 04:14:01,380 WARN Going to buffer response body of large or unknown size. Using getResponseBodyAsStream instead is recommended. IN org.apache.commons.httpclient.HttpMethodBase
main 2011-04-14 04:14:01,787 WARN Going to buffer response body of large or unknown size. Using getResponseBodyAsStream instead is recommended. IN org.apache.commons.httpclient.HttpMethodBase
main 2011-04-14 04:14:02,401 WARN Going to buffer response body of large or unknown size. Using getResponseBodyAsStream instead is recommended. IN org.apache.commons.httpclient.HttpMethodBase
main 2011-04-14 04:14:02,813 WARN Going to buffer response body of large or unknown size. Using getResponseBodyAsStream instead is recommended. IN org.apache.commons.httpclient.HttpMethodBase
main 2011-04-14 04:14:03,120 WARN Going to buffer response body of large or unknown size. Using getResponseBodyAsStream instead is recommended. IN org.apache.commons.httpclient.HttpMethodBase
main 2011-04-14 04:14:03,531 WARN Going to buffer response body of large or unknown size. Using getResponseBodyAsStream instead is recommended. IN org.apache.commons.httpclient.HttpMethodBase
main 2011-04-14 04:14:03,938 WARN Going to buffer response body of large or unknown size. Using getResponseBodyAsStream instead is recommended. IN org.apache.commons.httpclient.HttpMethodBase
main 2011-04-14 04:14:04,347 WARN Going to buffer response body of large or unknown size. Using getResponseBodyAsStream instead is recommended. IN org.apache.commons.httpclient.HttpMethodBase
main 2011-04-14 04:14:04,759 WARN Going to buffer response body of large or unknown size. Using getResponseBodyAsStream instead is recommended. IN org.apache.commons.httpclient.HttpMethodBase
main 2011-04-14 04:14:05,166 WARN Going to buffer response body of large or unknown size. Using getResponseBodyAsStream instead is recommended. IN org.apache.commons.httpclient.HttpMethodBase
main 2011-04-14 04:14:05,576 WARN Going to buffer response body of large or unknown size. Using getResponseBodyAsStream instead is recommended. IN org.apache.commons.httpclient.HttpMethodBase
main 2011-04-14 04:14:05,992 WARN Going to buffer response body of large or unknown size. Using getResponseBodyAsStream instead is recommended. IN org.apache.commons.httpclient.HttpMethodBase
main 2011-04-14 04:14:06,395 WARN Going to buffer response body of large or unknown size. Using getResponseBodyAsStream instead is recommended. IN org.apache.commons.httpclient.HttpMethodBase
main 2011-04-14 04:14:06,807 WARN Going to buffer response body of large or unknown size. Using getResponseBodyAsStream instead is recommended. IN org.apache.commons.httpclient.HttpMethodBase
main 2011-04-14 04:14:07,316 WARN Going to buffer response body of large or unknown size. Using getResponseBodyAsStream instead is recommended. IN org.apache.commons.httpclient.HttpMethodBase
main 2011-04-14 04:14:07,623 WARN Going to buffer response body of large or unknown size. Using getResponseBodyAsStream instead is recommended. IN org.apache.commons.httpclient.HttpMethodBase
main 2011-04-14 04:14:08,033 WARN Going to buffer response body of large or unknown size. Using getResponseBodyAsStream instead is recommended. IN org.apache.commons.httpclient.HttpMethodBase
main 2011-04-14 04:14:08,545 WARN Going to buffer response body of large or unknown size. Using getResponseBodyAsStream instead is recommended. IN org.apache.commons.httpclient.HttpMethodBase
main 2011-04-14 04:14:08,955 WARN Going to buffer response body of large or unknown size. Using getResponseBodyAsStream instead is recommended. IN org.apache.commons.httpclient.HttpMethodBase
main 2011-04-14 04:14:09,263 WARN Going to buffer response body of large or unknown size. Using getResponseBodyAsStream instead is recommended. IN org.apache.commons.httpclient.HttpMethodBase
main 2011-04-14 04:14:09,570 WARN Going to buffer response body of large or unknown size. Using getResponseBodyAsStream instead is recommended. IN org.apache.commons.httpclient.HttpMethodBase
main 2011-04-14 04:14:09,983 WARN Going to buffer response body of large or unknown size. Using getResponseBodyAsStream instead is recommended. IN org.apache.commons.httpclient.HttpMethodBase
main 2011-04-14 04:14:10,389 WARN Going to buffer response body of large or unknown size. Using getResponseBodyAsStream instead is recommended. IN org.apache.commons.httpclient.HttpMethodBase
main 2011-04-14 04:14:10,695 WARN Going to buffer response body of large or unknown size. Using getResponseBodyAsStream instead is recommended. IN org.apache.commons.httpclient.HttpMethodBase
main 2011-04-14 04:14:11,106 WARN Going to buffer response body of large or unknown size. Using getResponseBodyAsStream instead is recommended. IN org.apache.commons.httpclient.HttpMethodBase
main 2011-04-14 04:14:11,518 WARN Going to buffer response body of large or unknown size. Using getResponseBodyAsStream instead is recommended. IN org.apache.commons.httpclient.HttpMethodBase
main 2011-04-14 04:14:11,825 WARN Going to buffer response body of large or unknown size. Using getResponseBodyAsStream instead is recommended. IN org.apache.commons.httpclient.HttpMethodBase
main 2011-04-14 04:14:12,335 WARN Going to buffer response body of large or unknown size. Using getResponseBodyAsStream instead is recommended. IN org.apache.commons.httpclient.HttpMethodBase
main 2011-04-14 04:14:12,747 WARN Going to buffer response body of large or unknown size. Using getResponseBodyAsStream instead is recommended. IN org.apache.commons.httpclient.HttpMethodBase
main 2011-04-14 04:14:13,054 WARN Going to buffer response body of large or unknown size. Using getResponseBodyAsStream instead is recommended. IN org.apache.commons.httpclient.HttpMethodBase
main 2011-04-14 04:14:13,461 WARN Going to buffer response body of large or unknown size. Using getResponseBodyAsStream instead is recommended. IN org.apache.commons.httpclient.HttpMethodBase
main 2011-04-14 04:14:13,870 WARN Going to buffer response body of large or unknown size. Using getResponseBodyAsStream instead is recommended. IN org.apache.commons.httpclient.HttpMethodBase
main 2011-04-14 04:14:14,180 WARN Going to buffer response body of large or unknown size. Using getResponseBodyAsStream instead is recommended. IN org.apache.commons.httpclient.HttpMethodBase
main 2011-04-14 04:14:14,589 WARN Going to buffer response body of large or unknown size. Using getResponseBodyAsStream instead is recommended. IN org.apache.commons.httpclient.HttpMethodBase
main 2011-04-14 04:14:14,897 WARN Going to buffer response body of large or unknown size. Using getResponseBodyAsStream instead is recommended. IN org.apache.commons.httpclient.HttpMethodBase
main 2011-04-14 04:14:15,511 WARN Going to buffer response body of large or unknown size. Using getResponseBodyAsStream instead is recommended. IN org.apache.commons.httpclient.HttpMethodBase
main 2011-04-14 04:14:15,919 WARN Going to buffer response body of large or unknown size. Using getResponseBodyAsStream instead is recommended. IN org.apache.commons.httpclient.HttpMethodBase
main 2011-04-14 04:14:16,328 WARN Going to buffer response body of large or unknown size. Using getResponseBodyAsStream instead is recommended. IN org.apache.commons.httpclient.HttpMethodBase
main 2011-04-14 04:14:16,740 WARN Going to buffer response body of large or unknown size. Using getResponseBodyAsStream instead is recommended. IN org.apache.commons.httpclient.HttpMethodBase
main 2011-04-14 04:14:17,147 WARN Going to buffer response body of large or unknown size. Using getResponseBodyAsStream instead is recommended. IN org.apache.commons.httpclient.HttpMethodBase
main 2011-04-14 04:14:17,661 WARN Going to buffer response body of large or unknown size. Using getResponseBodyAsStream instead is recommended. IN org.apache.commons.httpclient.HttpMethodBase
main 2011-04-14 04:14:18,069 WARN Going to buffer response body of large or unknown size. Using getResponseBodyAsStream instead is recommended. IN org.apache.commons.httpclient.HttpMethodBase
main 2011-04-14 04:14:18,376 WARN Going to buffer response body of large or unknown size. Using getResponseBodyAsStream instead is recommended. IN org.apache.commons.httpclient.HttpMethodBase
main 2011-04-14 04:14:18,786 WARN Going to buffer response body of large or unknown size. Using getResponseBodyAsStream instead is recommended. IN org.apache.commons.httpclient.HttpMethodBase
main 2011-04-14 04:14:19,198 WARN Going to buffer response body of large or unknown size. Using getResponseBodyAsStream instead is recommended. IN org.apache.commons.httpclient.HttpMethodBase
main 2011-04-14 04:14:19,604 WARN Going to buffer response body of large or unknown size. Using getResponseBodyAsStream instead is recommended. IN org.apache.commons.httpclient.HttpMethodBase
main 2011-04-14 04:14:20,014 WARN Going to buffer response body of large or unknown size. Using getResponseBodyAsStream instead is recommended. IN org.apache.commons.httpclient.HttpMethodBase
main 2011-04-14 04:14:20,426 WARN Going to buffer response body of large or unknown size. Using getResponseBodyAsStream instead is recommended. IN org.apache.commons.httpclient.HttpMethodBase
main 2011-04-14 04:14:20,733 WARN Going to buffer response body of large or unknown size. Using getResponseBodyAsStream instead is recommended. IN org.apache.commons.httpclient.HttpMethodBase
main 2011-04-14 04:14:21,141 WARN Going to buffer response body of large or unknown size. Using getResponseBodyAsStream instead is recommended. IN org.apache.commons.httpclient.HttpMethodBase
main 2011-04-14 04:14:21,550 WARN Going to buffer response body of large or unknown size. Using getResponseBodyAsStream instead is recommended. IN org.apache.commons.httpclient.HttpMethodBase
main 2011-04-14 04:14:21,963 WARN Going to buffer response body of large or unknown size. Using getResponseBodyAsStream instead is recommended. IN org.apache.commons.httpclient.HttpMethodBase
main 2011-04-14 04:14:22,369 WARN Going to buffer response body of large or unknown size. Using getResponseBodyAsStream instead is recommended. IN org.apache.commons.httpclient.HttpMethodBase
main 2011-04-14 04:14:23,700 WARN Going to buffer response body of large or unknown size. Using getResponseBodyAsStream instead is recommended. IN org.apache.commons.httpclient.HttpMethodBase
main 2011-04-14 04:14:24,423 WARN Going to buffer response body of large or unknown size. Using getResponseBodyAsStream instead is recommended. IN org.apache.commons.httpclient.HttpMethodBase
main 2011-04-14 04:14:24,827 WARN Going to buffer response body of large or unknown size. Using getResponseBodyAsStream instead is recommended. IN org.apache.commons.httpclient.HttpMethodBase
main 2011-04-14 04:14:25,441 WARN Going to buffer response body of large or unknown size. Using getResponseBodyAsStream instead is recommended. IN org.apache.commons.httpclient.HttpMethodBase
main 2011-04-14 04:14:25,851 WARN Going to buffer response body of large or unknown size. Using getResponseBodyAsStream instead is recommended. IN org.apache.commons.httpclient.HttpMethodBase
main 2011-04-14 04:14:26,262 WARN Going to buffer response body of large or unknown size. Using getResponseBodyAsStream instead is recommended. IN org.apache.commons.httpclient.HttpMethodBase
main 2011-04-14 04:14:26,570 WARN Going to buffer response body of large or unknown size. Using getResponseBodyAsStream instead is recommended. IN org.apache.commons.httpclient.HttpMethodBase
main 2011-04-14 04:14:26,877 WARN Going to buffer response body of large or unknown size. Using getResponseBodyAsStream instead is recommended. IN org.apache.commons.httpclient.HttpMethodBase
main 2011-04-14 04:14:27,184 WARN Going to buffer response body of large or unknown size. Using getResponseBodyAsStream instead is recommended. IN org.apache.commons.httpclient.HttpMethodBase
main 2011-04-14 04:14:27,592 WARN Going to buffer response body of large or unknown size. Using getResponseBodyAsStream instead is recommended. IN org.apache.commons.httpclient.HttpMethodBase
main 2011-04-14 04:14:28,001 WARN Going to buffer response body of large or unknown size. Using getResponseBodyAsStream instead is recommended. IN org.apache.commons.httpclient.HttpMethodBase
main 2011-04-14 04:14:28,414 WARN Going to buffer response body of large or unknown size. Using getResponseBodyAsStream instead is recommended. IN org.apache.commons.httpclient.HttpMethodBase
main 2011-04-14 04:14:28,820 WARN Going to buffer response body of large or unknown size. Using getResponseBodyAsStream instead is recommended. IN org.apache.commons.httpclient.HttpMethodBase
main 2011-04-14 04:14:29,129 WARN Going to buffer response body of large or unknown size. Using getResponseBodyAsStream instead is recommended. IN org.apache.commons.httpclient.HttpMethodBase
main 2011-04-14 04:14:29,436 WARN Going to buffer response body of large or unknown size. Using getResponseBodyAsStream instead is recommended. IN org.apache.commons.httpclient.HttpMethodBase
main 2011-04-14 04:14:29,844 WARN Going to buffer response body of large or unknown size. Using getResponseBodyAsStream instead is recommended. IN org.apache.commons.httpclient.HttpMethodBase
main 2011-04-14 04:14:30,152 WARN Going to buffer response body of large or unknown size. Using getResponseBodyAsStream instead is recommended. IN org.apache.commons.httpclient.HttpMethodBase
main 2011-04-14 04:14:30,563 WARN Going to buffer response body of large or unknown size. Using getResponseBodyAsStream instead is recommended. IN org.apache.commons.httpclient.HttpMethodBase
main 2011-04-14 04:14:30,970 WARN Going to buffer response body of large or unknown size. Using getResponseBodyAsStream instead is recommended. IN org.apache.commons.httpclient.HttpMethodBase
main 2011-04-14 04:14:31,585 WARN Going to buffer response body of large or unknown size. Using getResponseBodyAsStream instead is recommended. IN org.apache.commons.httpclient.HttpMethodBase
main 2011-04-14 04:14:31,995 WARN Going to buffer response body of large or unknown size. Using getResponseBodyAsStream instead is recommended. IN org.apache.commons.httpclient.HttpMethodBase
main 2011-04-14 04:14:32,302 WARN Going to buffer response body of large or unknown size. Using getResponseBodyAsStream instead is recommended. IN org.apache.commons.httpclient.HttpMethodBase
main 2011-04-14 04:14:32,714 WARN Going to buffer response body of large or unknown size. Using getResponseBodyAsStream instead is recommended. IN org.apache.commons.httpclient.HttpMethodBase
main 2011-04-14 04:14:33,223 WARN Going to buffer response body of large or unknown size. Using getResponseBodyAsStream instead is recommended. IN org.apache.commons.httpclient.HttpMethodBase
main 2011-04-14 04:14:33,636 WARN Going to buffer response body of large or unknown size. Using getResponseBodyAsStream instead is recommended. IN org.apache.commons.httpclient.HttpMethodBase
main 2011-04-14 04:14:34,043 WARN Going to buffer response body of large or unknown size. Using getResponseBodyAsStream instead is recommended. IN org.apache.commons.httpclient.HttpMethodBase
main 2011-04-14 04:14:34,452 WARN Going to buffer response body of large or unknown size. Using getResponseBodyAsStream instead is recommended. IN org.apache.commons.httpclient.HttpMethodBase
main 2011-04-14 04:14:34,865 WARN Going to buffer response body of large or unknown size. Using getResponseBodyAsStream instead is recommended. IN org.apache.commons.httpclient.HttpMethodBase
main 2011-04-14 04:14:35,362 WARN Going to buffer response body of large or unknown size. Using getResponseBodyAsStream instead is recommended. IN org.apache.commons.httpclient.HttpMethodBase
main 2011-04-14 04:14:35,643 WARN Going to buffer response body of large or unknown size. Using getResponseBodyAsStream instead is recommended. IN org.apache.commons.httpclient.HttpMethodBase
main 2011-04-14 04:14:35,987 WARN Going to buffer response body of large or unknown size. Using getResponseBodyAsStream instead is recommended. IN org.apache.commons.httpclient.HttpMethodBase
main 2011-04-14 04:14:36,404 WARN Going to buffer response body of large or unknown size. Using getResponseBodyAsStream instead is recommended. IN org.apache.commons.httpclient.HttpMethodBase
main 2011-04-14 04:14:36,808 WARN Going to buffer response body of large or unknown size. Using getResponseBodyAsStream instead is recommended. IN org.apache.commons.httpclient.HttpMethodBase
main 2011-04-14 04:14:37,114 WARN Going to buffer response body of large or unknown size. Using getResponseBodyAsStream instead is recommended. IN org.apache.commons.httpclient.HttpMethodBase
main 2011-04-14 04:14:37,526 WARN Going to buffer response body of large or unknown size. Using getResponseBodyAsStream instead is recommended. IN org.apache.commons.httpclient.HttpMethodBase
main 2011-04-14 04:14:37,831 WARN Going to buffer response body of large or unknown size. Using getResponseBodyAsStream instead is recommended. IN org.apache.commons.httpclient.HttpMethodBase
main 2011-04-14 04:14:38,446 WARN Going to buffer response body of large or unknown size. Using getResponseBodyAsStream instead is recommended. IN org.apache.commons.httpclient.HttpMethodBase
main 2011-04-14 04:14:38,857 WARN Going to buffer response body of large or unknown size. Using getResponseBodyAsStream instead is recommended. IN org.apache.commons.httpclient.HttpMethodBase
main 2011-04-14 04:14:39,265 WARN Going to buffer response body of large or unknown size. Using getResponseBodyAsStream instead is recommended. IN org.apache.commons.httpclient.HttpMethodBase
main 2011-04-14 04:14:39,573 WARN Going to buffer response body of large or unknown size. Using getResponseBodyAsStream instead is recommended. IN org.apache.commons.httpclient.HttpMethodBase
main 2011-04-14 04:14:39,878 WARN Going to buffer response body of large or unknown size. Using getResponseBodyAsStream instead is recommended. IN org.apache.commons.httpclient.HttpMethodBase
main 2011-04-14 04:14:40,290 WARN Going to buffer response body of large or unknown size. Using getResponseBodyAsStream instead is recommended. IN org.apache.commons.httpclient.HttpMethodBase
main 2011-04-14 04:14:40,596 WARN Going to buffer response body of large or unknown size. Using getResponseBodyAsStream instead is recommended. IN org.apache.commons.httpclient.HttpMethodBase
main 2011-04-14 04:14:40,903 WARN Going to buffer response body of large or unknown size. Using getResponseBodyAsStream instead is recommended. IN org.apache.commons.httpclient.HttpMethodBase
main 2011-04-14 04:14:41,212 WARN Going to buffer response body of large or unknown size. Using getResponseBodyAsStream instead is recommended. IN org.apache.commons.httpclient.HttpMethodBase
main 2011-04-14 04:14:41,518 WARN Going to buffer response body of large or unknown size. Using getResponseBodyAsStream instead is recommended. IN org.apache.commons.httpclient.HttpMethodBase
main 2011-04-14 04:14:41,930 WARN Going to buffer response body of large or unknown size. Using getResponseBodyAsStream instead is recommended. IN org.apache.commons.httpclient.HttpMethodBase
main 2011-04-14 04:14:42,337 WARN Going to buffer response body of large or unknown size. Using getResponseBodyAsStream instead is recommended. IN org.apache.commons.httpclient.HttpMethodBase
main 2011-04-14 04:14:42,747 WARN Going to buffer response body of large or unknown size. Using getResponseBodyAsStream instead is recommended. IN org.apache.commons.httpclient.HttpMethodBase
main 2011-04-14 04:14:43,055 WARN Going to buffer response body of large or unknown size. Using getResponseBodyAsStream instead is recommended. IN org.apache.commons.httpclient.HttpMethodBase
main 2011-04-14 04:14:43,567 WARN Going to buffer response body of large or unknown size. Using getResponseBodyAsStream instead is recommended. IN org.apache.commons.httpclient.HttpMethodBase
main 2011-04-14 04:14:43,873 WARN Going to buffer response body of large or unknown size. Using getResponseBodyAsStream instead is recommended. IN org.apache.commons.httpclient.HttpMethodBase
main 2011-04-14 04:14:44,282 WARN Going to buffer response body of large or unknown size. Using getResponseBodyAsStream instead is recommended. IN org.apache.commons.httpclient.HttpMethodBase
main 2011-04-14 04:14:44,590 WARN Going to buffer response body of large or unknown size. Using getResponseBodyAsStream instead is recommended. IN org.apache.commons.httpclient.HttpMethodBase
main 2011-04-14 04:14:45,007 WARN Going to buffer response body of large or unknown size. Using getResponseBodyAsStream instead is recommended. IN org.apache.commons.httpclient.HttpMethodBase
